Added Component: Designator=U4(L6210)
Add component. Clean all parameters for all variants
Added Pin To Net: NetName=GND Pin=U4-1
Added Pin To Net: NetName=GND Pin=U4-1
Added Pin To Net: NetName=GND Pin=U4-1
Added Pin To Net: NetName=GND Pin=U4-1
Added Pin To Net: NetName=GND Pin=U4-1
Added Pin To Net: NetName=GND Pin=U4-1
Added Pin To Net: NetName=GND Pin=U4-1
Added Pin To Net: NetName=MOTOR_OUT2 Pin=U4-1
Added Pin To Net: NetName=MOTOR_OUT2 Pin=U4-1
Added Pin To Net: NetName=MOTOR_OUT2 Pin=U4-1
Added Pin To Net: NetName=MOTOR_OUT2 Pin=U4-1
Added Pin To Net: NetName=MOTOR_OUT2 Pin=U4-1
Added Pin To Net: NetName=MOTOR_OUT2 Pin=U4-1
Added Pin To Net: NetName=MOTOR_OUT2 Pin=U4-1
Added Pin To Net: NetName=CURRENT_SENSOR Pin=U4-2
Added Pin To Net: NetName=GND Pin=U4-3
Added Pin To Net: NetName=GND Pin=U4-4
Added Pin To Net: NetName=GND Pin=U4-5
Added Pin To Net: NetName=GND Pin=U4-6
Added Pin To Net: NetName=MOTOR_OUT2 Pin=U4-7
Added Pin To Net: NetName=+12V Pin=U4-8
Added Pin To Net: NetName=+12V Pin=U4-9
Added Pin To Net: NetName=CURRENT_SENSOR Pin=U4-10
Added Member To Class: ClassName=L298N Member=Component U4 L6210
